[debug] [2023-12-15T14:48:13.305Z] ----------------------------------------------------------------------
[debug] [2023-12-15T14:48:13.308Z] Command:       /usr/bin/node /usr/bin/firebase init
[debug] [2023-12-15T14:48:13.309Z] CLI Version:   13.0.1
[debug] [2023-12-15T14:48:13.309Z] Platform:      linux
[debug] [2023-12-15T14:48:13.309Z] Node Version:  v21.4.0
[debug] [2023-12-15T14:48:13.309Z] Time:          Fri Dec 15 2023 15:48:13 GMT+0100 (Central European Standard Time)
[debug] [2023-12-15T14:48:13.310Z] ----------------------------------------------------------------------
[debug] 
[debug] [2023-12-15T14:48:13.313Z] >>> [apiv2][query] GET https://firebase-public.firebaseio.com/cli.json [none]
[debug] [2023-12-15T14:48:13.349Z] > command requires scopes: ["email","openid","https://www.googleapis.com/auth/cloudplatformprojects.readonly","https://www.googleapis.com/auth/firebase","https://www.googleapis.com/auth/cloud-platform"]
[debug] [2023-12-15T14:48:13.350Z] > authorizing via signed-in user (davide1193@gmail.com)
[info] 
     ######## #### ########  ######## ########     ###     ######  ########
     ##        ##  ##     ## ##       ##     ##  ##   ##  ##       ##
     ######    ##  ########  ######   ########  #########  ######  ######
     ##        ##  ##    ##  ##       ##     ## ##     ##       ## ##
     ##       #### ##     ## ######## ########  ##     ##  ######  ########

You're about to initialize a Firebase project in this directory:

  /home/brucaliffo/github/WishPop/wishpop

[debug] [2023-12-15T14:48:13.698Z] <<< [apiv2][status] GET https://firebase-public.firebaseio.com/cli.json 200
[debug] [2023-12-15T14:48:13.699Z] <<< [apiv2][body] GET https://firebase-public.firebaseio.com/cli.json {"cloudBuildErrorAfter":1594252800000,"cloudBuildWarnAfter":1590019200000,"defaultNode10After":1594252800000,"minVersion":"3.0.5","node8DeploysDisabledAfter":1613390400000,"node8RuntimeDisabledAfter":1615809600000,"node8WarnAfter":1600128000000}
[info] 
=== Project Setup
[info] 
[info] First, let's associate this project directory with a Firebase project.
[info] You can create multiple project aliases by running firebase use --add, 
[info] but for now we'll just set up a default project.
[info] 
[debug] [2023-12-15T14:48:20.882Z] > refreshing access token with scopes: []
[debug] [2023-12-15T14:48:20.884Z] >>> [apiv2][query] POST https://www.googleapis.com/oauth2/v3/token [none]
[debug] [2023-12-15T14:48:20.884Z] >>> [apiv2][body] POST https://www.googleapis.com/oauth2/v3/token [omitted]
[debug] [2023-12-15T14:48:21.025Z] <<< [apiv2][status] POST https://www.googleapis.com/oauth2/v3/token 200
[debug] [2023-12-15T14:48:21.025Z] <<< [apiv2][body] POST https://www.googleapis.com/oauth2/v3/token [omitted]
[debug] [2023-12-15T14:48:21.030Z] >>> [apiv2][query] GET https://firebase.googleapis.com/v1beta1/projects pageSize=100
[debug] [2023-12-15T14:48:21.674Z] <<< [apiv2][status] GET https://firebase.googleapis.com/v1beta1/projects 200
[debug] [2023-12-15T14:48:21.674Z] <<< [apiv2][body] GET https://firebase.googleapis.com/v1beta1/projects [omitted]
[info] i  Using project wishpop-c88d3 (WishPop) 
[info] 
=== Hosting Setup
[debug] [2023-12-15T14:48:24.453Z] >>> [apiv2][query] GET https://firebase.googleapis.com/v1beta1/projects/wishpop-c88d3 [none]
[debug] [2023-12-15T14:48:24.713Z] <<< [apiv2][status] GET https://firebase.googleapis.com/v1beta1/projects/wishpop-c88d3 200
[debug] [2023-12-15T14:48:24.713Z] <<< [apiv2][body] GET https://firebase.googleapis.com/v1beta1/projects/wishpop-c88d3 {"projectId":"wishpop-c88d3","projectNumber":"216135560075","displayName":"WishPop","name":"projects/wishpop-c88d3","resources":{"hostingSite":"wishpop-c88d3"},"state":"ACTIVE","etag":"1_905872a5-ad39-4de3-9fc4-fe21b802d9c1"}
[info] 
[info] Your public directory is the folder (relative to your project directory) that
[info] will contain Hosting assets to be uploaded with firebase deploy. If you
[info] have a build process for your assets, use your build's output directory.
[info] 
